2025-06-27 16:25:32 0 [Note] Starting MariaDB 11.4.3-MariaDB-log source revision 5ab81ffe0097a22a774957df28c5223cf0201de3 server_uid 5DGrshsqW44wIKimwXa23aFwl20= as process 14708
2025-06-27 16:25:34 0 [Note] InnoDB: The first data file './ibdata1' did not exist. A new tablespace will be created!
2025-06-27 16:25:34 0 [Note] InnoDB: Compressed tables use zlib 1.3.1
2025-06-27 16:25:35 0 [Note] InnoDB: Number of transaction pools: 1
2025-06-27 16:25:35 0 [Note] InnoDB: Using crc32 + pclmulqdq instructions
2025-06-27 16:25:35 0 [Note] InnoDB: Initializing buffer pool, total size = 128.000MiB, chunk size = 2.000MiB
2025-06-27 16:25:35 0 [Note] InnoDB: Completed initialization of buffer pool
2025-06-27 16:25:35 0 [Note] InnoDB: Setting file './ibdata1' size to 12.000MiB. Physically writing the file full; Please wait ...
2025-06-27 16:25:35 0 [Note] InnoDB: File './ibdata1' size is now 12.000MiB.
2025-06-27 16:25:35 0 [Note] InnoDB: File system buffers for log disabled (block size=4096 bytes)
2025-06-27 16:25:35 0 [Note] InnoDB: Data file .//undo001 did not exist: new to be created
2025-06-27 16:25:35 0 [Note] InnoDB: Setting file .//undo001 size to 10.000MiB
2025-06-27 16:25:35 0 [Note] InnoDB: Database physically writes the file full: wait...
2025-06-27 16:25:35 0 [Note] InnoDB: Data file .//undo002 did not exist: new to be created
2025-06-27 16:25:35 0 [Note] InnoDB: Setting file .//undo002 size to 10.000MiB
2025-06-27 16:25:35 0 [Note] InnoDB: Database physically writes the file full: wait...
2025-06-27 16:25:35 0 [Note] InnoDB: Data file .//undo003 did not exist: new to be created
2025-06-27 16:25:35 0 [Note] InnoDB: Setting file .//undo003 size to 10.000MiB
2025-06-27 16:25:35 0 [Note] InnoDB: Database physically writes the file full: wait...
2025-06-27 16:25:40 0 [Note] InnoDB: Doublewrite buffer not found: creating new
2025-06-27 16:25:43 0 [Note] InnoDB: Opened 3 undo tablespaces
2025-06-27 16:25:43 0 [Note] InnoDB: 128 rollback segments in 3 undo tablespaces are active.
2025-06-27 16:25:46 0 [Note] InnoDB: Setting file './ibtmp1' size to 12.000MiB. Physically writing the file full; Please wait ...
2025-06-27 16:25:46 0 [Note] InnoDB: File './ibtmp1' size is now 12.000MiB.
2025-06-27 16:25:46 0 [Note] InnoDB: log sequence number 0; transaction id 3
2025-06-27 16:25:46 0 [Note] Plugin 'FEEDBACK' is disabled.
2025-06-27 16:25:46 0 [Note] mysqld.exe: SSPI: using principal name 'localhost', mech 'Negotiate'
2025-06-27 16:25:46 0 [ERROR] Could not open mysql.plugin table: "Table 'mysql.plugin' doesn't exist". Some plugins may be not loaded
2025-06-27 16:25:46 1 [Warning] Failed to load slave replication state from table mysql.gtid_slave_pos: 1017: Can't find file: '.\mysql\' (errno: 2 "No such file or directory")
2025-06-27 16:25:47 0 [ERROR] Can't open and lock privilege tables: Table 'mysql.servers' doesn't exist
2025-06-27 16:25:49 0 [Note] Server socket created on IP: '::'.
2025-06-27 16:25:49 0 [Note] Server socket created on IP: '0.0.0.0'.
2025-06-27 16:25:49 0 [ERROR] Fatal error: Can't open and lock privilege tables: Table 'mysql.db' doesn't exist
2025-06-27 16:25:49 0 [ERROR] Aborting
2025-06-27 17:05:10 0 [Note] Starting MariaDB 11.4.3-MariaDB-log source revision 5ab81ffe0097a22a774957df28c5223cf0201de3 server_uid 5DGrshsqW44wIKimwXa23aFwl20= as process 13468
2025-06-27 17:05:11 0 [Note] InnoDB: Compressed tables use zlib 1.3.1
2025-06-27 17:05:11 0 [Note] InnoDB: Number of transaction pools: 1
2025-06-27 17:05:11 0 [Note] InnoDB: Using crc32 + pclmulqdq instructions
2025-06-27 17:05:11 0 [Note] InnoDB: Initializing buffer pool, total size = 128.000MiB, chunk size = 2.000MiB
2025-06-27 17:05:11 0 [Note] InnoDB: Completed initialization of buffer pool
2025-06-27 17:05:11 0 [Note] InnoDB: File system buffers for log disabled (block size=4096 bytes)
2025-06-27 17:05:11 0 [Note] InnoDB: End of log at LSN=37808
2025-06-27 17:05:11 0 [Note] InnoDB: Opened 3 undo tablespaces
2025-06-27 17:05:11 0 [Note] InnoDB: 128 rollback segments in 3 undo tablespaces are active.
2025-06-27 17:05:11 0 [Note] InnoDB: Setting file './ibtmp1' size to 12.000MiB. Physically writing the file full; Please wait ...
2025-06-27 17:05:11 0 [Note] InnoDB: File './ibtmp1' size is now 12.000MiB.
2025-06-27 17:05:11 0 [Note] InnoDB: log sequence number 37808; transaction id 4
2025-06-27 17:05:11 0 [Note] Plugin 'FEEDBACK' is disabled.
2025-06-27 17:05:11 0 [Note] InnoDB: Loading buffer pool(s) from C:\Folder Download Sementara\Pynek(Python Koneksi)\etc\config\mysql\ib_buffer_pool
2025-06-27 17:05:11 0 [Note] mysqld.exe: SSPI: using principal name 'localhost', mech 'Negotiate'
2025-06-27 17:05:11 0 [Note] InnoDB: Buffer pool(s) load completed at 250627 17:05:11
2025-06-27 17:05:11 0 [ERROR] Could not open mysql.plugin table: "Table 'mysql.plugin' doesn't exist". Some plugins may be not loaded
2025-06-27 17:05:11 1 [Warning] Failed to load slave replication state from table mysql.gtid_slave_pos: 1017: Can't find file: '.\mysql\' (errno: 2 "No such file or directory")
2025-06-27 17:05:12 0 [ERROR] Can't open and lock privilege tables: Table 'mysql.servers' doesn't exist
2025-06-27 17:05:14 0 [Note] Server socket created on IP: '::'.
2025-06-27 17:05:14 0 [Note] Server socket created on IP: '0.0.0.0'.
2025-06-27 17:05:14 0 [ERROR] Fatal error: Can't open and lock privilege tables: Table 'mysql.db' doesn't exist
2025-06-27 17:05:14 0 [ERROR] Aborting
